<?xml version="1.0" encoding="UTF-8"?>
<!-- Generated by org.testng.reporters.JUnitReportReporter -->
<testsuite hostname="LAPTOP-3N63EAKU" failures="0" tests="1" name="testCases.TC_002_Login" time="3.348" errors="0" timestamp="2021-10-25T17:22:47 CDT" skipped="0">
  <testcase classname="testCases.TC_002_Login" name="test_Login" time="3.348"/>
  <system-out/>
</testsuite> <!-- testCases.TC_002_Login -->
