<?xml version="1.0" encoding="UTF-8"?>
<!-- Generated by org.testng.reporters.JUnitReportReporter -->
<testsuite hostname="LAPTOP-3N63EAKU" failures="0" tests="4" name="testCases.TC_003_LoginDDT" time="40.817" errors="0" timestamp="2021-10-21T17:28:15 CDT" skipped="0">
  <testcase classname="testCases.TC_003_LoginDDT" name="test_LoginDDT" time="11.812"/>
  <system-out/>
  <testcase classname="testCases.TC_003_LoginDDT" name="test_LoginDDT" time="12.225"/>
  <system-out/>
  <testcase classname="testCases.TC_003_LoginDDT" name="test_LoginDDT" time="12.123"/>
  <system-out/>
  <testcase classname="testCases.TC_003_LoginDDT" name="test_LoginDDT" time="4.657"/>
  <system-out/>
</testsuite> <!-- testCases.TC_003_LoginDDT -->
