<?xml version="1.0" encoding="UTF-8"?>
<!-- Generated by org.testng.reporters.JUnitReportReporter -->
<testsuite hostname="LAPTOP-3N63EAKU" failures="0" tests="1" name="testCases.TC_001_AccountRegistration" time="4.208" errors="0" timestamp="2021-10-25T17:22:47 CDT" skipped="0">
  <testcase classname="testCases.TC_001_AccountRegistration" name="test_account_Registration" time="4.208"/>
  <system-out/>
</testsuite> <!-- testCases.TC_001_AccountRegistration -->
