<?xml version="1.0" encoding="UTF-8"?>
<!-- Generated by org.testng.reporters.JUnitReportReporter -->
<testsuite skipped="0" hostname="LAPTOP-3N63EAKU" name="testCases.TC_004_Logout" tests="1" failures="0" timestamp="2021-10-28T20:50:14 CDT" time="4.837" errors="0">
  <testcase name="test_Logout" time="4.837" classname="testCases.TC_004_Logout"/>
  <system-out/>
</testsuite> <!-- testCases.TC_004_Logout -->
