<?xml version="1.0" encoding="UTF-8"?>
<!-- Generated by org.testng.reporters.JUnitReportReporter -->
<testsuite skipped="0" hostname="LAPTOP-3N63EAKU" name="testCases.TC_001_AccountRegistration" tests="1" failures="0" timestamp="2021-10-25T17:26:24 CDT" time="4.153" errors="0">
  <testcase name="test_account_Registration" time="4.153" classname="testCases.TC_001_AccountRegistration"/>
  <system-out/>
</testsuite> <!-- testCases.TC_001_AccountRegistration -->
